<?xml version="1.0" encoding="UTF-8"?>
<testsuite xmlns:xsi="http://www.w3.org/2001/XMLSchema-instance" xsi:noNamespaceSchemaLocation="https://maven.apache.org/surefire/maven-surefire-plugin/xsd/surefire-test-report-3.0.xsd" version="3.0" name="learningSpring.repository.AnimeRepositoryTest" time="5.648" tests="6" errors="0" skipped="0" failures="0">
  <properties>
[...]
</properties>
  <testcase name="save_PersistAnime_WhenSuccessful" classname="learningSpring.repository.AnimeRepositoryTest" time="0.115">
    <system-out><![CDATA[20:01:50.912 [main] INFO  o.s.t.c.s.AnnotationConfigContextLoaderUtils - Could not detect default configuration classes for test class [learningSpring.repository.AnimeRepositoryTest]: AnimeRepositoryTest does not declare any static, non-private, non-final, nested classes annotated with @Configuration.
20:01:51.094 [main] INFO  o.s.b.t.c.SpringBootTestContextBootstrapper - Found @SpringBootConfiguration learningSpring.SpringbootSofiaLearningApplication for test class learningSpring.repository.AnimeRepositoryTest
20:01:51.267 [main] INFO  o.s.b.d.r.RestartApplicationListener - Restart disabled due to context in which it is running

  .   ____          _            __ _ _
 /\\ / ___'_ __ _ _(_)_ __  __ _ \ \ \ \
( ( )\___ | '_ | '_| | '_ \/ _` | \ \ \ \
 \\/  ___)| |_)| | | | | || (_| |  ) ) ) )
  '  |____| .__|_| |_|_| |_\__, | / / / /
 =========|_|==============|___/=/_/_/_/
 :: Spring Boot ::                (v3.2.4)

20:01:51.746 [main] INFO  l.repository.AnimeRepositoryTest - Starting AnimeRepositoryTest using Java 18.0.2-ea with PID 18108 (started by sofia in /home/sofia/Documentos/Estudos/SpringBoot/springboot-SofiaLearning)
20:01:51.748 [main] INFO  l.repository.AnimeRepositoryTest - No active profile set, falling back to 1 default profile: "default"
20:01:51.761 [background-preinit] INFO  o.h.validator.internal.util.Version - HV000001: Hibernate Validator 8.0.1.Final
20:01:52.519 [main] INFO  o.s.d.r.c.RepositoryConfigurationDelegate - Bootstrapping Spring Data JPA repositories in DEFAULT mode.
20:01:52.632 [main] INFO  o.s.d.r.c.RepositoryConfigurationDelegate - Finished Spring Data repository scanning in 97 ms. Found 1 JPA repository interface.
20:01:52.739 [main] INFO  o.s.b.t.a.j.TestDatabaseAutoConfiguration$EmbeddedDataSourceBeanFactoryPostProcessor - Replacing 'dataSource' DataSource bean with embedded version
20:01:52.993 [main] INFO  o.s.j.d.e.EmbeddedDatabaseFactory - Starting embedded database: url='jdbc:h2:mem:5f256a13-7c25-4a82-b710-867d6fa03782;DB_CLOSE_DELAY=-1;DB_CLOSE_ON_EXIT=false', username='sa'
20:01:53.595 [main] INFO  o.h.jpa.internal.util.LogHelper - HHH000204: Processing PersistenceUnitInfo [name: default]
20:01:53.711 [main] INFO  org.hibernate.Version - HHH000412: Hibernate ORM core version 6.4.4.Final
20:01:53.770 [main] INFO  o.h.c.i.RegionFactoryInitiator - HHH000026: Second-level cache disabled
20:01:54.013 [main] INFO  o.s.o.j.p.SpringPersistenceUnitInfo - No LoadTimeWeaver setup: ignoring JPA class transformer
20:01:55.187 [main] INFO  o.h.e.t.j.p.i.JtaPlatformInitiator - HHH000489: No JTA platform available (set 'hibernate.transaction.jta.platform' to enable JTA platform integration)
20:01:55.254 [main] DEBUG org.hibernate.SQL - create table anime (id bigint generated by default as identity, name varchar(255), primary key (id))
Hibernate: create table anime (id bigint generated by default as identity, name varchar(255), primary key (id))
20:01:55.269 [main] INFO  o.s.o.j.LocalContainerEntityManagerFactoryBean - Initialized JPA EntityManagerFactory for persistence unit 'default'
20:01:55.955 [main] INFO  l.repository.AnimeRepositoryTest - Started AnimeRepositoryTest in 4.71 seconds (process running for 13.586)
20:01:56.048 [main] DEBUG org.hibernate.SQL - insert into anime (name,id) values (?,default)
Hibernate: insert into anime (name,id) values (?,default)
]]></system-out>
  </testcase>
  <testcase name="findByName_ReturnsListOfAnime_WhenSuccessful" classname="learningSpring.repository.AnimeRepositoryTest" time="0.215">
    <system-out><![CDATA[20:01:56.092 [main] DEBUG org.hibernate.SQL - insert into anime (name,id) values (?,default)
Hibernate: insert into anime (name,id) values (?,default)
20:01:56.291 [main] DEBUG org.hibernate.SQL - select a1_0.id,a1_0.name from anime a1_0 where a1_0.name=?
Hibernate: select a1_0.id,a1_0.name from anime a1_0 where a1_0.name=?
]]></system-out>
  </testcase>
  <testcase name="delete_RemovesAnime_WhenSuccessful" classname="learningSpring.repository.AnimeRepositoryTest" time="0.074">
    <system-out><![CDATA[20:01:56.309 [main] DEBUG org.hibernate.SQL - insert into anime (name,id) values (?,default)
Hibernate: insert into anime (name,id) values (?,default)
]]></system-out>
  </testcase>
  <testcase name="save_UpdateAnime_WhenSuccessful" classname="learningSpring.repository.AnimeRepositoryTest" time="0.024">
    <system-out><![CDATA[20:01:56.391 [main] DEBUG org.hibernate.SQL - insert into anime (name,id) values (?,default)
Hibernate: insert into anime (name,id) values (?,default)
]]></system-out>
  </testcase>
  <testcase name="save_ThrowsConstraintViolationException_WhenNameIsEmpty" classname="learningSpring.repository.AnimeRepositoryTest" time="0.038"/>
  <testcase name="findByName_ReturnsEmptyList_WhenAnimeIsNotFound" classname="learningSpring.repository.AnimeRepositoryTest" time="0.017">
    <system-out><![CDATA[20:01:56.455 [main] DEBUG org.hibernate.SQL - select a1_0.id,a1_0.name from anime a1_0 where a1_0.name=?
Hibernate: select a1_0.id,a1_0.name from anime a1_0 where a1_0.name=?
]]></system-out>
  </testcase>
</testsuite>